============================================================
  Generated by:           Genus(TM) Synthesis Solution 21.18-s082_1
  Generated on:           Mar 12 2026  12:13:16 am
  Module:                 alu
  Operating conditions:   PVT_0P9V_125C (balanced_tree)
  Wireload mode:          enclosed
  Area mode:              timing library
============================================================


Path 1: MET (4366 ps) Late External Delay Assertion at pin result[3]
     Startpoint: (R) B[0]
       Endpoint: (F) result[3]

                   Capture    Launch  
      Path Delay:+    5000         -  
      Drv Adjust:+       0         0  
         Arrival:=    5000            
                                      
    Output Delay:-       0            
   Required Time:=    5000            
     Input Delay:-       0            
       Data Path:-     634            
           Slack:=    4366            

Exceptions/Constraints:
  max_delay                5000            constraints.sdc_line_5     
  input_delay               0              constraints.sdc_line_1_7_1 
  output_delay              0              constraints.sdc_line_3     

#---------------------------------------------------------------------------------------
# Timing Point   Flags   Arc   Edge   Cell     Fanout Load Trans Delay Arrival Instance 
#                                                     (fF)  (ps)  (ps)   (ps)  Location 
#---------------------------------------------------------------------------------------
  B[0]           -       -     R     (arrival)      4  1.4     0     0       0    (-,-) 
  g1183__9945/Y  -       A->Y  F     NAND2X1        3  0.8    76    61      61    (-,-) 
  g1158__2346/Y  -       A1->Y F     OA21X1         2  0.6    34   145     206    (-,-) 
  g1147__7098/Y  -       A1->Y F     OA21X1         2  0.6    34   127     333    (-,-) 
  g1143__3680/Y  -       B->Y  R     XNOR2X1        1  0.4    26   164     497    (-,-) 
  g1132__2398/Y  -       A1->Y F     OAI221X1       1  0.0   124   137     634    (-,-) 
  result[3]      <<<     -     F     (port)         -    -     -     0     634    (-,-) 
#---------------------------------------------------------------------------------------

